Meters/app/build/intermediates/manifest_merge_blame_file/debug/manifest-merger-blame-debug-report.txt
1<?xml version="1.0" encoding="utf-8"?>
2<manifest xmlns:android="http://schemas.android.com/apk/res/android"
3    package="com.gorvodokanal"
4    android:versionCode="1"
5    android:versionName="1.0" >
6
7    <uses-sdk
8        android:minSdkVersion="19"
8-->src\main\AndroidManifest.xml
9        android:targetSdkVersion="29" />
9-->src\main\AndroidManifest.xml
10
11    <uses-permission android:name="android.permission.INTERNET" />
11-->src\main\AndroidManifest.xml:5:5-67
11-->src\main\AndroidManifest.xml:5:22-64
12
13    <application
13-->src\main\AndroidManifest.xml:7:5-32:19
14        android:allowBackup="true"
14-->src\main\AndroidManifest.xml:8:9-35
15        android:appComponentFactory="androidx.core.app.CoreComponentFactory"
15-->[androidx.core:core:1.1.0] AndroidManifest.xml:24:18-86
16        android:debuggable="true"
17        android:icon="@mipmap/ic_launcher"
17-->src\main\AndroidManifest.xml:9:9-43
18        android:label="@string/app_name"
18-->src\main\AndroidManifest.xml:10:9-41
19        android:roundIcon="@mipmap/ic_launcher_round"
19-->src\main\AndroidManifest.xml:11:9-54
20        android:supportsRtl="true"
20-->src\main\AndroidManifest.xml:12:9-35
21        android:testOnly="true"
22        android:theme="@style/AppTheme" >
22-->src\main\AndroidManifest.xml:13:9-40
23        <activity
23-->src\main\AndroidManifest.xml:14:9-22:20
24            android:name="com.gorvodokanal.meters.settings.Setting"
24-->src\main\AndroidManifest.xml:14:19-58
25            android:label="Settings"
25-->src\main\AndroidManifest.xml:15:13-37
26            android:parentActivityName="com.gorvodokanal.meters.activity.MainActivity" >
26-->src\main\AndroidManifest.xml:16:13-71
27            <meta-data
27-->src\main\AndroidManifest.xml:18:13-20:64
28                android:name="android.support.PARENT_ACTIVITY"
28-->src\main\AndroidManifest.xml:19:17-63
29                android:value=".meters.activity.MainActivity" />
29-->src\main\AndroidManifest.xml:20:17-62
30        </activity>
31        <activity android:name="com.gorvodokanal.meters.activity.MainActivity" >
31-->src\main\AndroidManifest.xml:23:9-30:20
31-->src\main\AndroidManifest.xml:23:19-63
32            <intent-filter>
32-->src\main\AndroidManifest.xml:24:13-29:29
33                <action
33-->src\main\AndroidManifest.xml:25:17-26:53
34                    android:name="android.intent.action.MAIN"
34-->src\main\AndroidManifest.xml:25:25-66
35                    android:launchMode="singleTop" />
35-->src\main\AndroidManifest.xml:26:21-51
36
37                <category android:name="android.intent.category.LAUNCHER" />
37-->src\main\AndroidManifest.xml:28:17-77
37-->src\main\AndroidManifest.xml:28:27-74
38            </intent-filter>
39        </activity>
40        <activity android:name="com.gorvodokanal.meters.activity.GeneralInfoActivity" />
40-->src\main\AndroidManifest.xml:31:9-73
40-->src\main\AndroidManifest.xml:31:19-70
41    </application>
42
43</manifest>